# JRE version: OpenJDK Runtime Environment (8.0_111-b14) (build 1.8.0_111-8u111-b14-2ubuntu0.16.04.2-b14)
# Java VM: OpenJDK 64-Bit Server VM (25.111-b14 mixed mode linux-amd64 compressed oops)
Heap:
 PSYoungGen      total 183808K, used 91047K [0x00000000e0000000, 0x00000000efe00000, 0x0000000100000000)
  eden space 169984K, 45% used [0x00000000e0000000,0x00000000e4b6df28,0x00000000ea600000)
  from space 13824K, 99% used [0x00000000ea600000,0x00000000eb37bff0,0x00000000eb380000)
  to   space 19456K, 0% used [0x00000000eeb00000,0x00000000eeb00000,0x00000000efe00000)
 ParOldGen       total 89088K, used 27193K [0x00000000a0000000, 0x00000000a5700000, 0x00000000e0000000)
  object space 89088K, 30% used [0x00000000a0000000,0x00000000a1a8e628,0x00000000a5700000)
 Metaspace       used 53377K, capacity 55118K, committed 55296K, reserved 1097728K
  class space    used 7263K, capacity 7679K, committed 7680K, reserved 1048576K
GC Heap History (10 events):
Event: 3.694 GC heap before
{Heap before GC invocations=7 (full 1):
 PSYoungGen      total 70656K, used 70652K [0x00000000e0000000, 0x00000000e7d80000, 0x0000000100000000)
  eden space 65536K, 100% used [0x00000000e0000000,0x00000000e4000000,0x00000000e4000000)
  from space 5120K, 99% used [0x00000000e4000000,0x00000000e44ff308,0x00000000e4500000)
  to   space 10752K, 0% used [0x00000000e7300000,0x00000000e7300000,0x00000000e7d80000)
 ParOldGen       total 59392K, used 11638K [0x00000000a0000000, 0x00000000a3a00000, 0x00000000e0000000)
  object space 59392K, 19% used [0x00000000a0000000,0x00000000a0b5d900,0x00000000a3a00000)
 Metaspace       used 30269K, capacity 30964K, committed 31232K, reserved 1077248K
  class space    used 4133K, capacity 4277K, committed 4352K, reserved 1048576K
Event: 3.707 GC heap after
Heap after GC invocations=7 (full 1):
 PSYoungGen      total 116736K, used 9908K [0x00000000e0000000, 0x00000000e8100000, 0x0000000100000000)
  eden space 105984K, 0% used [0x00000000e0000000,0x00000000e0000000,0x00000000e6780000)
  from space 10752K, 92% used [0x00000000e7300000,0x00000000e7cad220,0x00000000e7d80000)
  to   space 11776K, 0% used [0x00000000e6780000,0x00000000e6780000,0x00000000e7300000)
 ParOldGen       total 59392K, used 11646K [0x00000000a0000000, 0x00000000a3a00000, 0x00000000e0000000)
  object space 59392K, 19% used [0x00000000a0000000,0x00000000a0b5f900,0x00000000a3a00000)
 Metaspace       used 30269K, capacity 30964K, committed 31232K, reserved 1077248K
  class space    used 4133K, capacity 4277K, committed 4352K, reserved 1048576K
}
Event: 4.817 GC heap before
{Heap before GC invocations=8 (full 1):
 PSYoungGen      total 116736K, used 115892K [0x00000000e0000000, 0x00000000e8100000, 0x0000000100000000)
  eden space 105984K, 100% used [0x00000000e0000000,0x00000000e6780000,0x00000000e6780000)
  from space 10752K, 92% used [0x00000000e7300000,0x00000000e7cad220,0x00000000e7d80000)
  to   space 11776K, 0% used [0x00000000e6780000,0x00000000e6780000,0x00000000e7300000)
 ParOldGen       total 59392K, used 11646K [0x00000000a0000000, 0x00000000a3a00000, 0x00000000e0000000)
  object space 59392K, 19% used [0x00000000a0000000,0x00000000a0b5f900,0x00000000a3a00000)
 Metaspace       used 34581K, capacity 35386K, committed 35496K, reserved 1079296K
  class space    used 4611K, capacity 4814K, committed 4864K, reserved 1048576K
Event: 4.835 GC heap after
Heap after GC invocations=8 (full 1):
 PSYoungGen      total 117760K, used 11056K [0x00000000e0000000, 0x00000000ec380000, 0x0000000100000000)
  eden space 105984K, 0% used [0x00000000e0000000,0x00000000e0000000,0x00000000e6780000)
  from space 11776K, 93% used [0x00000000e6780000,0x00000000e724c348,0x00000000e7300000)
  to   space 13312K, 0% used [0x00000000eb680000,0x00000000eb680000,0x00000000ec380000)
 ParOldGen       total 59392K, used 11654K [0x00000000a0000000, 0x00000000a3a00000, 0x00000000e0000000)
  object space 59392K, 19% used [0x00000000a0000000,0x00000000a0b61900,0x00000000a3a00000)
 Metaspace       used 34581K, capacity 35386K, committed 35496K, reserved 1079296K
  class space    used 4611K, capacity 4814K, committed 4864K, reserved 1048576K
}
Event: 4.835 GC heap before
{Heap before GC invocations=9 (full 2):
 PSYoungGen      total 117760K, used 11056K [0x00000000e0000000, 0x00000000ec380000, 0x0000000100000000)
  eden space 105984K, 0% used [0x00000000e0000000,0x00000000e0000000,0x00000000e6780000)
  from space 11776K, 93% used [0x00000000e6780000,0x00000000e724c348,0x00000000e7300000)
  to   space 13312K, 0% used [0x00000000eb680000,0x00000000eb680000,0x00000000ec380000)
 ParOldGen       total 59392K, used 11654K [0x00000000a0000000, 0x00000000a3a00000, 0x00000000e0000000)
  object space 59392K, 19% used [0x00000000a0000000,0x00000000a0b61900,0x00000000a3a00000)
 Metaspace       used 34581K, capacity 35386K, committed 35496K, reserved 1079296K
  class space    used 4611K, capacity 4814K, committed 4864K, reserved 1048576K
Event: 4.890 GC heap after
Heap after GC invocations=9 (full 2):
 PSYoungGen      total 117760K, used 0K [0x00000000e0000000, 0x00000000ec380000, 0x0000000100000000)
  eden space 105984K, 0% used [0x00000000e0000000,0x00000000e0000000,0x00000000e6780000)
  from space 11776K, 0% used [0x00000000e6780000,0x00000000e6780000,0x00000000e7300000)
  to   space 13312K, 0% used [0x00000000eb680000,0x00000000eb680000,0x00000000ec380000)
 ParOldGen       total 89088K, used 17143K [0x00000000a0000000, 0x00000000a5700000, 0x00000000e0000000)
  object space 89088K, 19% used [0x00000000a0000000,0x00000000a10bdde0,0x00000000a5700000)
 Metaspace       used 34494K, capacity 35170K, committed 35496K, reserved 1079296K
  class space    used 4585K, capacity 4786K, committed 4864K, reserved 1048576K
}
Event: 5.562 GC heap before
{Heap before GC invocations=10 (full 2):
 PSYoungGen      total 117760K, used 105984K [0x00000000e0000000, 0x00000000ec380000, 0x0000000100000000)
  eden space 105984K, 100% used [0x00000000e0000000,0x00000000e6780000,0x00000000e6780000)
  from space 11776K, 0% used [0x00000000e6780000,0x00000000e6780000,0x00000000e7300000)
  to   space 13312K, 0% used [0x00000000eb680000,0x00000000eb680000,0x00000000ec380000)
 ParOldGen       total 89088K, used 17143K [0x00000000a0000000, 0x00000000a5700000, 0x00000000e0000000)
  object space 89088K, 19% used [0x00000000a0000000,0x00000000a10bdde0,0x00000000a5700000)
 Metaspace       used 41119K, capacity 41938K, committed 42240K, reserved 1085440K
  class space    used 5526K, capacity 5763K, committed 5888K, reserved 1048576K
Event: 5.581 GC heap after
Heap after GC invocations=10 (full 2):
 PSYoungGen      total 175104K, used 10528K [0x00000000e0000000, 0x00000000ec100000, 0x0000000100000000)
  eden space 164352K, 0% used [0x00000000e0000000,0x00000000e0000000,0x00000000ea080000)
  from space 10752K, 97% used [0x00000000eb680000,0x00000000ec0c83d8,0x00000000ec100000)
  to   space 13824K, 0% used [0x00000000ea600000,0x00000000ea600000,0x00000000eb380000)
 ParOldGen       total 89088K, used 17151K [0x00000000a0000000, 0x00000000a5700000, 0x00000000e0000000)
  object space 89088K, 19% used [0x00000000a0000000,0x00000000a10bfde0,0x00000000a5700000)
 Metaspace       used 41119K, capacity 41938K, committed 42240K, reserved 1085440K
  class space    used 5526K, capacity 5763K, committed 5888K, reserved 1048576K
}
Event: 6.808 GC heap before
{Heap before GC invocations=11 (full 2):
 PSYoungGen      total 175104K, used 174880K [0x00000000e0000000, 0x00000000ec100000, 0x0000000100000000)
  eden space 164352K, 100% used [0x00000000e0000000,0x00000000ea080000,0x00000000ea080000)
  from space 10752K, 97% used [0x00000000eb680000,0x00000000ec0c83d8,0x00000000ec100000)
  to   space 13824K, 0% used [0x00000000ea600000,0x00000000ea600000,0x00000000eb380000)
 ParOldGen       total 89088K, used 17151K [0x00000000a0000000, 0x00000000a5700000, 0x00000000e0000000)
  object space 89088K, 19% used [0x00000000a0000000,0x00000000a10bfde0,0x00000000a5700000)
 Metaspace       used 51828K, capacity 53174K, committed 53376K, reserved 1095680K
  class space    used 6947K, capacity 7225K, committed 7296K, reserved 1048576K
Event: 6.847 GC heap after
Heap after GC invocations=11 (full 2):
 PSYoungGen      total 183808K, used 13807K [0x00000000e0000000, 0x00000000efe00000, 0x0000000100000000)
  eden space 169984K, 0% used [0x00000000e0000000,0x00000000e0000000,0x00000000ea600000)
  from space 13824K, 99% used [0x00000000ea600000,0x00000000eb37bff0,0x00000000eb380000)
  to   space 19456K, 0% used [0x00000000eeb00000,0x00000000eeb00000,0x00000000efe00000)
 ParOldGen       total 89088K, used 27193K [0x00000000a0000000, 0x00000000a5700000, 0x00000000e0000000)
  object space 89088K, 30% used [0x00000000a0000000,0x00000000a1a8e628,0x00000000a5700000)
 Metaspace       used 51828K, capacity 53174K, committed 53376K, reserved 1095680K
  class space    used 6947K, capacity 7225K, committed 7296K, reserved 1048576K
}

